2021-04-03 20:28:42,521 findfont: Matching sans\-serif:style=normal:variant=normal:weight=normal:stretch=normal:size=10.0.
2021-04-03 20:28:42,522 findfont: score(<Font 'DejaVu Serif' (DejaVuSerif-BoldItalic.ttf) italic normal 700 normal>) = 11.335
2021-04-03 20:28:42,522 findfont: score(<Font 'STIXSizeTwoSym' (STIXSizTwoSymReg.ttf) normal normal 400 normal>) = 10.05
2021-04-03 20:28:42,522 findfont: score(<Font 'DejaVu Sans Display' (DejaVuSansDisplay.ttf) normal normal 400 normal>) = 10.05
2021-04-03 20:28:42,522 findfont: score(<Font 'DejaVu Serif Display' (DejaVuSerifDisplay.ttf) normal normal 400 normal>) = 10.05
2021-04-03 20:28:42,522 findfont: score(<Font 'STIXSizeOneSym' (STIXSizOneSymReg.ttf) normal normal 400 normal>) = 10.05
2021-04-03 20:28:42,522 findfont: score(<Font 'DejaVu Sans Mono' (DejaVuSansMono-Oblique.ttf) oblique normal 400 normal>) = 11.05
2021-04-03 20:28:42,522 findfont: score(<Font 'STIXSizeFourSym' (STIXSizFourSymBol.ttf) normal normal 700 normal>) = 10.335
2021-04-03 20:28:42,522 findfont: score(<Font 'cmsy10' (cmsy10.ttf) normal normal 400 normal>) = 10.05
2021-04-03 20:28:42,522 findfont: score(<Font 'cmmi10' (cmmi10.ttf) normal normal 400 normal>) = 10.05
2021-04-03 20:28:42,522 findfont: score(<Font 'cmb10' (cmb10.ttf) normal normal 400 normal>) = 10.05
2021-04-03 20:28:42,522 findfont: score(<Font 'STIXGeneral' (STIXGeneralBolIta.ttf) italic normal 700 normal>) = 11.335
2021-04-03 20:28:42,522 findfont: score(<Font 'cmr10' (cmr10.ttf) normal normal 400 normal>) = 10.05
2021-04-03 20:28:42,522 findfont: score(<Font 'DejaVu Sans' (DejaVuSans-BoldOblique.ttf) oblique normal 700 normal>) = 1.335
2021-04-03 20:28:42,522 findfont: score(<Font 'STIXSizeThreeSym' (STIXSizThreeSymBol.ttf) normal normal 700 normal>) = 10.335
2021-04-03 20:28:42,522 findfont: score(<Font 'DejaVu Sans' (DejaVuSans.ttf) normal normal 400 normal>) = 0.05
2021-04-03 20:28:42,522 findfont: score(<Font 'STIXNonUnicode' (STIXNonUniBol.ttf) normal normal 700 normal>) = 10.335
2021-04-03 20:28:42,522 findfont: score(<Font 'DejaVu Sans' (DejaVuSans-Oblique.ttf) oblique normal 400 normal>) = 1.05
2021-04-03 20:28:42,522 findfont: score(<Font 'STIXSizeTwoSym' (STIXSizTwoSymBol.ttf) normal normal 700 normal>) = 10.335
2021-04-03 20:28:42,522 findfont: score(<Font 'DejaVu Sans Mono' (DejaVuSansMono-BoldOblique.ttf) oblique normal 700 normal>) = 11.335
2021-04-03 20:28:42,522 findfont: score(<Font 'STIXNonUnicode' (STIXNonUniIta.ttf) italic normal 400 normal>) = 11.05
2021-04-03 20:28:42,522 findfont: score(<Font 'DejaVu Serif' (DejaVuSerif-Bold.ttf) normal normal 700 normal>) = 10.335
2021-04-03 20:28:42,522 findfont: score(<Font 'DejaVu Serif' (DejaVuSerif.ttf) normal normal 400 normal>) = 10.05
2021-04-03 20:28:42,522 findfont: score(<Font 'STIXNonUnicode' (STIXNonUniBolIta.ttf) italic normal 700 normal>) = 11.335
2021-04-03 20:28:42,522 findfont: score(<Font 'DejaVu Sans Mono' (DejaVuSansMono.ttf) normal normal 400 normal>) = 10.05
2021-04-03 20:28:42,522 findfont: score(<Font 'STIXSizeFiveSym' (STIXSizFiveSymReg.ttf) normal normal 400 normal>) = 10.05
2021-04-03 20:28:42,522 findfont: score(<Font 'STIXNonUnicode' (STIXNonUni.ttf) normal normal 400 normal>) = 10.05
2021-04-03 20:28:42,522 findfont: score(<Font 'cmss10' (cmss10.ttf) normal normal 400 normal>) = 10.05
2021-04-03 20:28:42,522 findfont: score(<Font 'DejaVu Serif' (DejaVuSerif-Italic.ttf) italic normal 400 normal>) = 11.05
2021-04-03 20:28:42,522 findfont: score(<Font 'STIXGeneral' (STIXGeneral.ttf) normal normal 400 normal>) = 10.05
2021-04-03 20:28:42,523 findfont: score(<Font 'STIXGeneral' (STIXGeneralBol.ttf) normal normal 700 normal>) = 10.335
2021-04-03 20:28:42,523 findfont: score(<Font 'DejaVu Sans' (DejaVuSans-Bold.ttf) normal normal 700 normal>) = 0.33499999999999996
2021-04-03 20:28:42,523 findfont: score(<Font 'STIXSizeThreeSym' (STIXSizThreeSymReg.ttf) normal normal 400 normal>) = 10.05
2021-04-03 20:28:42,523 findfont: score(<Font 'cmex10' (cmex10.ttf) normal normal 400 normal>) = 10.05
2021-04-03 20:28:42,523 findfont: score(<Font 'STIXSizeFourSym' (STIXSizFourSymReg.ttf) normal normal 400 normal>) = 10.05
2021-04-03 20:28:42,523 findfont: score(<Font 'cmtt10' (cmtt10.ttf) normal normal 400 normal>) = 10.05
2021-04-03 20:28:42,523 findfont: score(<Font 'DejaVu Sans Mono' (DejaVuSansMono-Bold.ttf) normal normal 700 normal>) = 10.335
2021-04-03 20:28:42,523 findfont: score(<Font 'STIXGeneral' (STIXGeneralItalic.ttf) italic normal 400 normal>) = 11.05
2021-04-03 20:28:42,523 findfont: score(<Font 'STIXSizeOneSym' (STIXSizOneSymBol.ttf) normal normal 700 normal>) = 10.335
2021-04-03 20:28:42,523 findfont: score(<Font 'DejaVu Serif' (DejaVuSerif-Bold.ttf) normal normal 700 normal>) = 10.335
2021-04-03 20:28:42,523 findfont: score(<Font 'DejaVu Sans Mono' (DejaVuSansMono.ttf) normal normal 400 normal>) = 10.05
2021-04-03 20:28:42,523 findfont: score(<Font 'DejaVu Sans' (DejaVuSans.ttf) normal normal 400 normal>) = 0.05
2021-04-03 20:28:42,523 findfont: score(<Font 'DejaVu Sans' (DejaVuSans-Bold.ttf) normal normal 700 normal>) = 0.33499999999999996
2021-04-03 20:28:42,523 findfont: score(<Font 'DejaVu Sans Mono' (DejaVuSansMono-Bold.ttf) normal normal 700 normal>) = 10.335
2021-04-03 20:28:42,523 findfont: score(<Font 'DejaVu Serif' (DejaVuSerif.ttf) normal normal 400 normal>) = 10.05
2021-04-03 20:28:42,523 findfont: Matching sans\-serif:style=normal:variant=normal:weight=normal:stretch=normal:size=10.0 to DejaVu Sans ('/home/kellanved/.local/lib/python3.8/site-packages/matplotlib/mpl-data/fonts/ttf/DejaVuSans.ttf') with score of 0.050000.
2021-04-03 20:30:47,947 findfont: Matching sans\-serif:style=normal:variant=normal:weight=normal:stretch=normal:size=10.0.
2021-04-03 20:30:47,947 findfont: score(<Font 'DejaVu Serif' (DejaVuSerif-BoldItalic.ttf) italic normal 700 normal>) = 11.335
2021-04-03 20:30:47,947 findfont: score(<Font 'STIXSizeTwoSym' (STIXSizTwoSymReg.ttf) normal normal 400 normal>) = 10.05
2021-04-03 20:30:47,947 findfont: score(<Font 'DejaVu Sans Display' (DejaVuSansDisplay.ttf) normal normal 400 normal>) = 10.05
2021-04-03 20:30:47,948 findfont: score(<Font 'DejaVu Serif Display' (DejaVuSerifDisplay.ttf) normal normal 400 normal>) = 10.05
2021-04-03 20:30:47,948 findfont: score(<Font 'STIXSizeOneSym' (STIXSizOneSymReg.ttf) normal normal 400 normal>) = 10.05
2021-04-03 20:30:47,948 findfont: score(<Font 'DejaVu Sans Mono' (DejaVuSansMono-Oblique.ttf) oblique normal 400 normal>) = 11.05
2021-04-03 20:30:47,948 findfont: score(<Font 'STIXSizeFourSym' (STIXSizFourSymBol.ttf) normal normal 700 normal>) = 10.335
2021-04-03 20:30:47,948 findfont: score(<Font 'cmsy10' (cmsy10.ttf) normal normal 400 normal>) = 10.05
2021-04-03 20:30:47,948 findfont: score(<Font 'cmmi10' (cmmi10.ttf) normal normal 400 normal>) = 10.05
2021-04-03 20:30:47,948 findfont: score(<Font 'cmb10' (cmb10.ttf) normal normal 400 normal>) = 10.05
2021-04-03 20:30:47,948 findfont: score(<Font 'STIXGeneral' (STIXGeneralBolIta.ttf) italic normal 700 normal>) = 11.335
2021-04-03 20:30:47,948 findfont: score(<Font 'cmr10' (cmr10.ttf) normal normal 400 normal>) = 10.05
2021-04-03 20:30:47,948 findfont: score(<Font 'DejaVu Sans' (DejaVuSans-BoldOblique.ttf) oblique normal 700 normal>) = 1.335
2021-04-03 20:30:47,948 findfont: score(<Font 'STIXSizeThreeSym' (STIXSizThreeSymBol.ttf) normal normal 700 normal>) = 10.335
2021-04-03 20:30:47,948 findfont: score(<Font 'DejaVu Sans' (DejaVuSans.ttf) normal normal 400 normal>) = 0.05
2021-04-03 20:30:47,948 findfont: score(<Font 'STIXNonUnicode' (STIXNonUniBol.ttf) normal normal 700 normal>) = 10.335
2021-04-03 20:30:47,948 findfont: score(<Font 'DejaVu Sans' (DejaVuSans-Oblique.ttf) oblique normal 400 normal>) = 1.05
2021-04-03 20:30:47,948 findfont: score(<Font 'STIXSizeTwoSym' (STIXSizTwoSymBol.ttf) normal normal 700 normal>) = 10.335
2021-04-03 20:30:47,948 findfont: score(<Font 'DejaVu Sans Mono' (DejaVuSansMono-BoldOblique.ttf) oblique normal 700 normal>) = 11.335
2021-04-03 20:30:47,948 findfont: score(<Font 'STIXNonUnicode' (STIXNonUniIta.ttf) italic normal 400 normal>) = 11.05
2021-04-03 20:30:47,948 findfont: score(<Font 'DejaVu Serif' (DejaVuSerif-Bold.ttf) normal normal 700 normal>) = 10.335
2021-04-03 20:30:47,948 findfont: score(<Font 'DejaVu Serif' (DejaVuSerif.ttf) normal normal 400 normal>) = 10.05
2021-04-03 20:30:47,948 findfont: score(<Font 'STIXNonUnicode' (STIXNonUniBolIta.ttf) italic normal 700 normal>) = 11.335
2021-04-03 20:30:47,948 findfont: score(<Font 'DejaVu Sans Mono' (DejaVuSansMono.ttf) normal normal 400 normal>) = 10.05
2021-04-03 20:30:47,948 findfont: score(<Font 'STIXSizeFiveSym' (STIXSizFiveSymReg.ttf) normal normal 400 normal>) = 10.05
2021-04-03 20:30:47,948 findfont: score(<Font 'STIXNonUnicode' (STIXNonUni.ttf) normal normal 400 normal>) = 10.05
2021-04-03 20:30:47,948 findfont: score(<Font 'cmss10' (cmss10.ttf) normal normal 400 normal>) = 10.05
2021-04-03 20:30:47,948 findfont: score(<Font 'DejaVu Serif' (DejaVuSerif-Italic.ttf) italic normal 400 normal>) = 11.05
2021-04-03 20:30:47,948 findfont: score(<Font 'STIXGeneral' (STIXGeneral.ttf) normal normal 400 normal>) = 10.05
2021-04-03 20:30:47,948 findfont: score(<Font 'STIXGeneral' (STIXGeneralBol.ttf) normal normal 700 normal>) = 10.335
2021-04-03 20:30:47,948 findfont: score(<Font 'DejaVu Sans' (DejaVuSans-Bold.ttf) normal normal 700 normal>) = 0.33499999999999996
2021-04-03 20:30:47,948 findfont: score(<Font 'STIXSizeThreeSym' (STIXSizThreeSymReg.ttf) normal normal 400 normal>) = 10.05
2021-04-03 20:30:47,948 findfont: score(<Font 'cmex10' (cmex10.ttf) normal normal 400 normal>) = 10.05
2021-04-03 20:30:47,949 findfont: score(<Font 'STIXSizeFourSym' (STIXSizFourSymReg.ttf) normal normal 400 normal>) = 10.05
2021-04-03 20:30:47,949 findfont: score(<Font 'cmtt10' (cmtt10.ttf) normal normal 400 normal>) = 10.05
2021-04-03 20:30:47,949 findfont: score(<Font 'DejaVu Sans Mono' (DejaVuSansMono-Bold.ttf) normal normal 700 normal>) = 10.335
2021-04-03 20:30:47,949 findfont: score(<Font 'STIXGeneral' (STIXGeneralItalic.ttf) italic normal 400 normal>) = 11.05
2021-04-03 20:30:47,949 findfont: score(<Font 'STIXSizeOneSym' (STIXSizOneSymBol.ttf) normal normal 700 normal>) = 10.335
2021-04-03 20:30:47,949 findfont: score(<Font 'DejaVu Serif' (DejaVuSerif-Bold.ttf) normal normal 700 normal>) = 10.335
2021-04-03 20:30:47,949 findfont: score(<Font 'DejaVu Sans Mono' (DejaVuSansMono.ttf) normal normal 400 normal>) = 10.05
2021-04-03 20:30:47,949 findfont: score(<Font 'DejaVu Sans' (DejaVuSans.ttf) normal normal 400 normal>) = 0.05
2021-04-03 20:30:47,949 findfont: score(<Font 'DejaVu Sans' (DejaVuSans-Bold.ttf) normal normal 700 normal>) = 0.33499999999999996
2021-04-03 20:30:47,949 findfont: score(<Font 'DejaVu Sans Mono' (DejaVuSansMono-Bold.ttf) normal normal 700 normal>) = 10.335
2021-04-03 20:30:47,949 findfont: score(<Font 'DejaVu Serif' (DejaVuSerif.ttf) normal normal 400 normal>) = 10.05
2021-04-03 20:30:47,949 findfont: Matching sans\-serif:style=normal:variant=normal:weight=normal:stretch=normal:size=10.0 to DejaVu Sans ('/home/kellanved/.local/lib/python3.8/site-packages/matplotlib/mpl-data/fonts/ttf/DejaVuSans.ttf') with score of 0.050000.
2021-04-03 20:36:40,587 findfont: Matching sans\-serif:style=normal:variant=normal:weight=normal:stretch=normal:size=10.0.
2021-04-03 20:36:40,587 findfont: score(<Font 'DejaVu Serif' (DejaVuSerif-BoldItalic.ttf) italic normal 700 normal>) = 11.335
2021-04-03 20:36:40,587 findfont: score(<Font 'STIXSizeTwoSym' (STIXSizTwoSymReg.ttf) normal normal 400 normal>) = 10.05
2021-04-03 20:36:40,587 findfont: score(<Font 'DejaVu Sans Display' (DejaVuSansDisplay.ttf) normal normal 400 normal>) = 10.05
2021-04-03 20:36:40,587 findfont: score(<Font 'DejaVu Serif Display' (DejaVuSerifDisplay.ttf) normal normal 400 normal>) = 10.05
2021-04-03 20:36:40,587 findfont: score(<Font 'STIXSizeOneSym' (STIXSizOneSymReg.ttf) normal normal 400 normal>) = 10.05
2021-04-03 20:36:40,587 findfont: score(<Font 'DejaVu Sans Mono' (DejaVuSansMono-Oblique.ttf) oblique normal 400 normal>) = 11.05
2021-04-03 20:36:40,587 findfont: score(<Font 'STIXSizeFourSym' (STIXSizFourSymBol.ttf) normal normal 700 normal>) = 10.335
2021-04-03 20:36:40,587 findfont: score(<Font 'cmsy10' (cmsy10.ttf) normal normal 400 normal>) = 10.05
2021-04-03 20:36:40,587 findfont: score(<Font 'cmmi10' (cmmi10.ttf) normal normal 400 normal>) = 10.05
2021-04-03 20:36:40,587 findfont: score(<Font 'cmb10' (cmb10.ttf) normal normal 400 normal>) = 10.05
2021-04-03 20:36:40,587 findfont: score(<Font 'STIXGeneral' (STIXGeneralBolIta.ttf) italic normal 700 normal>) = 11.335
2021-04-03 20:36:40,587 findfont: score(<Font 'cmr10' (cmr10.ttf) normal normal 400 normal>) = 10.05
2021-04-03 20:36:40,587 findfont: score(<Font 'DejaVu Sans' (DejaVuSans-BoldOblique.ttf) oblique normal 700 normal>) = 1.335
2021-04-03 20:36:40,587 findfont: score(<Font 'STIXSizeThreeSym' (STIXSizThreeSymBol.ttf) normal normal 700 normal>) = 10.335
2021-04-03 20:36:40,587 findfont: score(<Font 'DejaVu Sans' (DejaVuSans.ttf) normal normal 400 normal>) = 0.05
2021-04-03 20:36:40,588 findfont: score(<Font 'STIXNonUnicode' (STIXNonUniBol.ttf) normal normal 700 normal>) = 10.335
2021-04-03 20:36:40,588 findfont: score(<Font 'DejaVu Sans' (DejaVuSans-Oblique.ttf) oblique normal 400 normal>) = 1.05
2021-04-03 20:36:40,588 findfont: score(<Font 'STIXSizeTwoSym' (STIXSizTwoSymBol.ttf) normal normal 700 normal>) = 10.335
2021-04-03 20:36:40,588 findfont: score(<Font 'DejaVu Sans Mono' (DejaVuSansMono-BoldOblique.ttf) oblique normal 700 normal>) = 11.335
2021-04-03 20:36:40,588 findfont: score(<Font 'STIXNonUnicode' (STIXNonUniIta.ttf) italic normal 400 normal>) = 11.05
2021-04-03 20:36:40,588 findfont: score(<Font 'DejaVu Serif' (DejaVuSerif-Bold.ttf) normal normal 700 normal>) = 10.335
2021-04-03 20:36:40,588 findfont: score(<Font 'DejaVu Serif' (DejaVuSerif.ttf) normal normal 400 normal>) = 10.05
2021-04-03 20:36:40,588 findfont: score(<Font 'STIXNonUnicode' (STIXNonUniBolIta.ttf) italic normal 700 normal>) = 11.335
2021-04-03 20:36:40,588 findfont: score(<Font 'DejaVu Sans Mono' (DejaVuSansMono.ttf) normal normal 400 normal>) = 10.05
2021-04-03 20:36:40,588 findfont: score(<Font 'STIXSizeFiveSym' (STIXSizFiveSymReg.ttf) normal normal 400 normal>) = 10.05
2021-04-03 20:36:40,588 findfont: score(<Font 'STIXNonUnicode' (STIXNonUni.ttf) normal normal 400 normal>) = 10.05
2021-04-03 20:36:40,588 findfont: score(<Font 'cmss10' (cmss10.ttf) normal normal 400 normal>) = 10.05
2021-04-03 20:36:40,588 findfont: score(<Font 'DejaVu Serif' (DejaVuSerif-Italic.ttf) italic normal 400 normal>) = 11.05
2021-04-03 20:36:40,588 findfont: score(<Font 'STIXGeneral' (STIXGeneral.ttf) normal normal 400 normal>) = 10.05
2021-04-03 20:36:40,588 findfont: score(<Font 'STIXGeneral' (STIXGeneralBol.ttf) normal normal 700 normal>) = 10.335
2021-04-03 20:36:40,588 findfont: score(<Font 'DejaVu Sans' (DejaVuSans-Bold.ttf) normal normal 700 normal>) = 0.33499999999999996
2021-04-03 20:36:40,588 findfont: score(<Font 'STIXSizeThreeSym' (STIXSizThreeSymReg.ttf) normal normal 400 normal>) = 10.05
2021-04-03 20:36:40,588 findfont: score(<Font 'cmex10' (cmex10.ttf) normal normal 400 normal>) = 10.05
2021-04-03 20:36:40,588 findfont: score(<Font 'STIXSizeFourSym' (STIXSizFourSymReg.ttf) normal normal 400 normal>) = 10.05
2021-04-03 20:36:40,588 findfont: score(<Font 'cmtt10' (cmtt10.ttf) normal normal 400 normal>) = 10.05
2021-04-03 20:36:40,588 findfont: score(<Font 'DejaVu Sans Mono' (DejaVuSansMono-Bold.ttf) normal normal 700 normal>) = 10.335
2021-04-03 20:36:40,588 findfont: score(<Font 'STIXGeneral' (STIXGeneralItalic.ttf) italic normal 400 normal>) = 11.05
2021-04-03 20:36:40,588 findfont: score(<Font 'STIXSizeOneSym' (STIXSizOneSymBol.ttf) normal normal 700 normal>) = 10.335
2021-04-03 20:36:40,588 findfont: score(<Font 'DejaVu Serif' (DejaVuSerif-Bold.ttf) normal normal 700 normal>) = 10.335
2021-04-03 20:36:40,588 findfont: score(<Font 'DejaVu Sans Mono' (DejaVuSansMono.ttf) normal normal 400 normal>) = 10.05
2021-04-03 20:36:40,588 findfont: score(<Font 'DejaVu Sans' (DejaVuSans.ttf) normal normal 400 normal>) = 0.05
2021-04-03 20:36:40,588 findfont: score(<Font 'DejaVu Sans' (DejaVuSans-Bold.ttf) normal normal 700 normal>) = 0.33499999999999996
2021-04-03 20:36:40,588 findfont: score(<Font 'DejaVu Sans Mono' (DejaVuSansMono-Bold.ttf) normal normal 700 normal>) = 10.335
2021-04-03 20:36:40,588 findfont: score(<Font 'DejaVu Serif' (DejaVuSerif.ttf) normal normal 400 normal>) = 10.05
2021-04-03 20:36:40,588 findfont: Matching sans\-serif:style=normal:variant=normal:weight=normal:stretch=normal:size=10.0 to DejaVu Sans ('/home/kellanved/.local/lib/python3.8/site-packages/matplotlib/mpl-data/fonts/ttf/DejaVuSans.ttf') with score of 0.050000.
2021-04-03 20:36:42,644 Problem size grows going towards the end of the file
2021-04-03 20:42:13,495 Problem size grows going towards the end of the file
2021-04-03 20:42:13,495 ------------------------------
2021-04-03 20:42:13,495 Speedup P = 5000 -> 1.0
2021-04-03 20:42:13,495 ------------------------------
2021-04-03 20:49:10,230 Problem size grows going towards the end of the file
2021-04-03 20:53:15,922 Problem size grows going towards the end of the file
2021-04-03 20:53:15,922 ------------------------------
2021-04-03 20:53:15,922 Speedup P = 5000 -> 1.0
2021-04-03 20:53:15,922 ------------------------------
2021-04-03 20:53:15,922 ------------------------------
2021-04-03 20:53:15,922 Speedup P = 5000 -> 1.0
2021-04-03 20:53:15,923 ------------------------------
2021-04-03 20:53:15,923 ------------------------------
2021-04-03 20:53:15,923 Speedup P = 5000 -> 1.7708833333333334
2021-04-03 20:53:15,923 ------------------------------
2021-04-03 20:53:15,923 ------------------------------
2021-04-03 20:53:15,923 Speedup P = 5000 -> 2.7759692757863936
2021-04-03 20:53:15,923 ------------------------------
2021-04-03 20:53:15,923 ------------------------------
2021-04-03 20:53:15,923 Speedup P = 5000 -> 4.232175575559627
2021-04-03 20:53:15,923 ------------------------------
2021-04-03 20:53:15,923 ------------------------------
2021-04-03 20:53:15,923 Speedup P = 5000 -> 4.2531822912497
2021-04-03 20:53:15,923 ------------------------------
2021-04-03 20:53:15,923 ------------------------------
2021-04-03 20:53:15,923 Speedup P = 8000 -> 1.0
2021-04-03 20:53:15,923 ------------------------------
2021-04-03 20:53:15,923 ------------------------------
2021-04-03 20:53:15,923 Speedup P = 8000 -> 1.7720567375886525
2021-04-03 20:53:15,923 ------------------------------
2021-04-03 20:53:15,923 ------------------------------
2021-04-03 20:53:15,923 Speedup P = 8000 -> 2.7496148382320578
2021-04-03 20:53:15,923 ------------------------------
2021-04-03 20:53:15,923 ------------------------------
2021-04-03 20:53:15,923 Speedup P = 8000 -> 3.8528912875867376
2021-04-03 20:53:15,923 ------------------------------
2021-04-03 20:53:15,923 ------------------------------
2021-04-03 20:53:15,923 Speedup P = 8000 -> 4.455204162681752
2021-04-03 20:53:15,923 ------------------------------
